# JRE version: Java(TM) SE Runtime Environment (17.0+35) (build 17+35-LTS-2724)
# Java VM: Java HotSpot(TM) 64-Bit Server VM (17+35-LTS-2724, mixed mode, emulated-client, sharing, tiered, compressed oops, compressed class ptrs, g1 gc, windows-amd64)
GC Precious Log:
 CPUs: 4 total, 4 available
 Memory: 16251M
 Large Page Support: Disabled
 NUMA Support: Disabled
 Compressed Oops: Enabled (32-bit)
 Heap Region Size: 1M
 Heap Min Capacity: 8M
 Heap Initial Capacity: 254M
 Heap Max Capacity: 512M
 Pre-touch: Disabled
 Parallel Workers: 4
 Concurrent Workers: 1
 Concurrent Refinement Workers: 4
 Periodic GC: Disabled
Heap:
 garbage-first heap   total 96256K, used 43668K [0x00000000e0000000, 0x0000000100000000)
  region size 1024K, 10 young (10240K), 3 survivors (3072K)
 Metaspace       used 68191K, committed 68736K, reserved 1114112K
  class space    used 9476K, committed 9728K, reserved 1048576K
GC Heap History (20 events):
Event: 4.618 GC heap before
{Heap before GC invocations=17 (full 0):
 garbage-first heap   total 96256K, used 76503K [0x00000000e0000000, 0x0000000100000000)
  region size 1024K, 56 young (57344K), 4 survivors (4096K)
 Metaspace       used 42378K, committed 42752K, reserved 1089536K
  class space    used 5839K, committed 6016K, reserved 1048576K
}
Event: 4.623 GC heap after
{Heap after GC invocations=18 (full 0):
 garbage-first heap   total 96256K, used 24725K [0x00000000e0000000, 0x0000000100000000)
  region size 1024K, 5 young (5120K), 5 survivors (5120K)
 Metaspace       used 42378K, committed 42752K, reserved 1089536K
  class space    used 5839K, committed 6016K, reserved 1048576K
}
Event: 5.091 GC heap before
{Heap before GC invocations=19 (full 0):
 garbage-first heap   total 96256K, used 76949K [0x00000000e0000000, 0x0000000100000000)
  region size 1024K, 56 young (57344K), 5 survivors (5120K)
 Metaspace       used 48403K, committed 48832K, reserved 1097728K
  class space    used 6635K, committed 6848K, reserved 1048576K
}
Event: 5.098 GC heap after
{Heap after GC invocations=20 (full 0):
 garbage-first heap   total 96256K, used 26406K [0x00000000e0000000, 0x0000000100000000)
  region size 1024K, 5 young (5120K), 5 survivors (5120K)
 Metaspace       used 48403K, committed 48832K, reserved 1097728K
  class space    used 6635K, committed 6848K, reserved 1048576K
}
Event: 5.562 GC heap before
{Heap before GC invocations=20 (full 0):
 garbage-first heap   total 96256K, used 78630K [0x00000000e0000000, 0x0000000100000000)
  region size 1024K, 56 young (57344K), 5 survivors (5120K)
 Metaspace       used 52362K, committed 52736K, reserved 1097728K
  class space    used 7302K, committed 7488K, reserved 1048576K
}
Event: 5.569 GC heap after
{Heap after GC invocations=21 (full 0):
 garbage-first heap   total 96256K, used 27265K [0x00000000e0000000, 0x0000000100000000)
  region size 1024K, 4 young (4096K), 4 survivors (4096K)
 Metaspace       used 52362K, committed 52736K, reserved 1097728K
  class space    used 7302K, committed 7488K, reserved 1048576K
}
Event: 6.408 GC heap before
{Heap before GC invocations=21 (full 0):
 garbage-first heap   total 96256K, used 79489K [0x00000000e0000000, 0x0000000100000000)
  region size 1024K, 55 young (56320K), 4 survivors (4096K)
 Metaspace       used 56687K, committed 57088K, reserved 1105920K
  class space    used 7882K, committed 8064K, reserved 1048576K
}
Event: 6.415 GC heap after
{Heap after GC invocations=22 (full 0):
 garbage-first heap   total 96256K, used 28721K [0x00000000e0000000, 0x0000000100000000)
  region size 1024K, 4 young (4096K), 4 survivors (4096K)
 Metaspace       used 56687K, committed 57088K, reserved 1105920K
  class space    used 7882K, committed 8064K, reserved 1048576K
}
Event: 6.803 GC heap before
{Heap before GC invocations=22 (full 0):
 garbage-first heap   total 96256K, used 79921K [0x00000000e0000000, 0x0000000100000000)
  region size 1024K, 54 young (55296K), 4 survivors (4096K)
 Metaspace       used 58968K, committed 59328K, reserved 1105920K
  class space    used 8217K, committed 8384K, reserved 1048576K
}
Event: 6.810 GC heap after
{Heap after GC invocations=23 (full 0):
 garbage-first heap   total 96256K, used 30052K [0x00000000e0000000, 0x0000000100000000)
  region size 1024K, 4 young (4096K), 4 survivors (4096K)
 Metaspace       used 58968K, committed 59328K, reserved 1105920K
  class space    used 8217K, committed 8384K, reserved 1048576K
}
Event: 7.180 GC heap before
{Heap before GC invocations=23 (full 0):
 garbage-first heap   total 96256K, used 80228K [0x00000000e0000000, 0x0000000100000000)
  region size 1024K, 53 young (54272K), 4 survivors (4096K)
 Metaspace       used 59749K, committed 60160K, reserved 1105920K
  class space    used 8326K, committed 8512K, reserved 1048576K
}
Event: 7.186 GC heap after
{Heap after GC invocations=24 (full 0):
 garbage-first heap   total 96256K, used 31634K [0x00000000e0000000, 0x0000000100000000)
  region size 1024K, 5 young (5120K), 5 survivors (5120K)
 Metaspace       used 59749K, committed 60160K, reserved 1105920K
  class space    used 8326K, committed 8512K, reserved 1048576K
}
Event: 7.500 GC heap before
{Heap before GC invocations=24 (full 0):
 garbage-first heap   total 96256K, used 79762K [0x00000000e0000000, 0x0000000100000000)
  region size 1024K, 52 young (53248K), 5 survivors (5120K)
 Metaspace       used 60518K, committed 60928K, reserved 1105920K
  class space    used 8415K, committed 8640K, reserved 1048576K
}
Event: 7.507 GC heap after
{Heap after GC invocations=25 (full 0):
 garbage-first heap   total 96256K, used 32809K [0x00000000e0000000, 0x0000000100000000)
  region size 1024K, 5 young (5120K), 5 survivors (5120K)
 Metaspace       used 60518K, committed 60928K, reserved 1105920K
  class space    used 8415K, committed 8640K, reserved 1048576K
}
Event: 7.985 GC heap before
{Heap before GC invocations=25 (full 0):
 garbage-first heap   total 96256K, used 78889K [0x00000000e0000000, 0x0000000100000000)
  region size 1024K, 50 young (51200K), 5 survivors (5120K)
 Metaspace       used 62984K, committed 63360K, reserved 1105920K
  class space    used 8783K, committed 8960K, reserved 1048576K
}
Event: 7.993 GC heap after
{Heap after GC invocations=26 (full 0):
 garbage-first heap   total 96256K, used 34904K [0x00000000e0000000, 0x0000000100000000)
  region size 1024K, 5 young (5120K), 5 survivors (5120K)
 Metaspace       used 62984K, committed 63360K, reserved 1105920K
  class space    used 8783K, committed 8960K, reserved 1048576K
}
Event: 13.164 GC heap before
{Heap before GC invocations=26 (full 0):
 garbage-first heap   total 96256K, used 79960K [0x00000000e0000000, 0x0000000100000000)
  region size 1024K, 49 young (50176K), 5 survivors (5120K)
 Metaspace       used 65322K, committed 65792K, reserved 1105920K
  class space    used 9125K, committed 9344K, reserved 1048576K
}
Event: 13.175 GC heap after
{Heap after GC invocations=27 (full 0):
 garbage-first heap   total 96256K, used 36687K [0x00000000e0000000, 0x0000000100000000)
  region size 1024K, 6 young (6144K), 6 survivors (6144K)
 Metaspace       used 65322K, committed 65792K, reserved 1105920K
  class space    used 9125K, committed 9344K, reserved 1048576K
}
Event: 114.615 GC heap before
{Heap before GC invocations=27 (full 0):
 garbage-first heap   total 96256K, used 76623K [0x00000000e0000000, 0x0000000100000000)
  region size 1024K, 46 young (47104K), 6 survivors (6144K)
 Metaspace       used 68183K, committed 68736K, reserved 1114112K
  class space    used 9475K, committed 9728K, reserved 1048576K
}
Event: 114.626 GC heap after
{Heap after GC invocations=28 (full 0):
 garbage-first heap   total 96256K, used 37524K [0x00000000e0000000, 0x0000000100000000)
  region size 1024K, 3 young (3072K), 3 survivors (3072K)
 Metaspace       used 68183K, committed 68736K, reserved 1114112K
  class space    used 9475K, committed 9728K, reserved 1048576K
}

